mode: set
github.com/varungupte/BootCamp_Team3/pkg/services/orders/orders_server/orders_server.go:33.37,46.2 8 1
github.com/varungupte/BootCamp_Team3/pkg/services/orders/orders_server/orders_server.go:48.42,66.33 12 1
github.com/varungupte/BootCamp_Team3/pkg/services/orders/orders_server/orders_server.go:80.2,81.23 2 1
github.com/varungupte/BootCamp_Team3/pkg/services/orders/orders_server/orders_server.go:66.33,79.3 12 1
github.com/varungupte/BootCamp_Team3/pkg/services/orders/orders_server/orders_server.go:89.133,92.16 3 1
github.com/varungupte/BootCamp_Team3/pkg/services/orders/orders_server/orders_server.go:95.2,98.17 2 1
github.com/varungupte/BootCamp_Team3/pkg/services/orders/orders_server/orders_server.go:92.16,94.3 1 0
github.com/varungupte/BootCamp_Team3/pkg/services/orders/orders_server/orders_server.go:101.124,120.2 10 0
github.com/varungupte/BootCamp_Team3/pkg/services/orders/orders_server/orders_server.go:122.131,128.28 4 1
github.com/varungupte/BootCamp_Team3/pkg/services/orders/orders_server/orders_server.go:141.2,143.22 3 1
github.com/varungupte/BootCamp_Team3/pkg/services/orders/orders_server/orders_server.go:149.2,150.18 2 1
github.com/varungupte/BootCamp_Team3/pkg/services/orders/orders_server/orders_server.go:153.2,154.17 2 1
github.com/varungupte/BootCamp_Team3/pkg/services/orders/orders_server/orders_server.go:128.28,132.20 4 1
github.com/varungupte/BootCamp_Team3/pkg/services/orders/orders_server/orders_server.go:132.20,137.4 4 1
github.com/varungupte/BootCamp_Team3/pkg/services/orders/orders_server/orders_server.go:143.22,144.17 1 1
github.com/varungupte/BootCamp_Team3/pkg/services/orders/orders_server/orders_server.go:144.17,147.4 2 1
github.com/varungupte/BootCamp_Team3/pkg/services/orders/orders_server/orders_server.go:150.18,152.3 1 1
github.com/varungupte/BootCamp_Team3/pkg/services/orders/orders_server/orders_server.go:157.133,164.17 6 1
github.com/varungupte/BootCamp_Team3/pkg/services/orders/orders_server/orders_server.go:167.2,171.17 5 1
github.com/varungupte/BootCamp_Team3/pkg/services/orders/orders_server/orders_server.go:164.17,166.3 1 1
github.com/varungupte/BootCamp_Team3/pkg/services/orders/orders_server/orders_server.go:174.57,178.16 3 1
github.com/varungupte/BootCamp_Team3/pkg/services/orders/orders_server/orders_server.go:181.2,186.23 4 1
github.com/varungupte/BootCamp_Team3/pkg/services/orders/orders_server/orders_server.go:178.16,180.3 1 0
github.com/varungupte/BootCamp_Team3/pkg/services/orders/orders_server/orders_server.go:189.66,191.15 2 1
github.com/varungupte/BootCamp_Team3/pkg/services/orders/orders_server/orders_server.go:195.2,196.15 2 1
github.com/varungupte/BootCamp_Team3/pkg/services/orders/orders_server/orders_server.go:200.2,200.12 1 1
github.com/varungupte/BootCamp_Team3/pkg/services/orders/orders_server/orders_server.go:191.15,193.3 1 0
github.com/varungupte/BootCamp_Team3/pkg/services/orders/orders_server/orders_server.go:196.15,198.3 1 0
github.com/varungupte/BootCamp_Team3/pkg/services/orders/orders_server/orders_server.go:204.127,213.16 6 1
github.com/varungupte/BootCamp_Team3/pkg/services/orders/orders_server/orders_server.go:220.2,220.34 1 1
github.com/varungupte/BootCamp_Team3/pkg/services/orders/orders_server/orders_server.go:233.2,236.60 2 1
github.com/varungupte/BootCamp_Team3/pkg/services/orders/orders_server/orders_server.go:213.16,218.3 2 0
github.com/varungupte/BootCamp_Team3/pkg/services/orders/orders_server/orders_server.go:220.34,221.27 1 1
github.com/varungupte/BootCamp_Team3/pkg/services/orders/orders_server/orders_server.go:221.27,225.18 4 1
github.com/varungupte/BootCamp_Team3/pkg/services/orders/orders_server/orders_server.go:230.4,230.19 1 1
github.com/varungupte/BootCamp_Team3/pkg/services/orders/orders_server/orders_server.go:225.18,229.5 1 0
